
=== Mon Nov 23 16:58:20 2020

Packages were changed.
Update Mode: updateDependencies

The following packages were added:
  com.unity.2d.sprite@1.0.0
  com.unity.2d.tilemap@1.0.0
  com.unity.ide.rider@1.2.1
  com.unity.ide.visualstudio@2.0.3
  com.unity.ide.vscode@1.2.3
  com.unity.modules.androidjni@1.0.0
  com.unity.test-framework@1.1.18
  com.unity.ugui@1.0.0
The following packages were updated:
  com.unity.ads from version 2.0.8 to 3.5.0
  com.unity.analytics from version 3.3.2 to 3.5.3
  com.unity.collab-proxy from version 1.2.16 to 1.3.9
  com.unity.purchasing from version 2.0.6 to 2.1.1
  com.unity.textmeshpro from version 2.0.1 to 3.0.1
  com.unity.timeline from version 1.0.0 to 1.2.6
The following packages were removed:
  com.unity.package-manager-ui@2.1.2

=== Wed Dec 16 21:48:26 2020

Packages were changed.
Update Mode: updateDependencies

The following packages were updated:
  com.unity.ads from version 3.5.0 to 3.5.2
  com.unity.collab-proxy from version 1.2.16 to 1.3.9
  com.unity.ide.visualstudio from version 2.0.3 to 2.0.5
  com.unity.purchasing from version 2.1.1 to 2.2.1
  com.unity.textmeshpro from version 2.1.3 to 3.0.1

=== Wed Mar 16 19:34:20 2022

Packages were changed.
Update Mode: updateDependencies

The following packages were updated:
  com.unity.ads from version 3.5.2 to 3.6.1
  com.unity.ide.rider from version 1.2.1 to 2.0.7
  com.unity.purchasing from version 2.2.1 to 2.2.2
